
  .   ____          _            __ _ _
 /\\ / ___'_ __ _ _(_)_ __  __ _ \ \ \ \
( ( )\___ | '_ | '_| | '_ \/ _` | \ \ \ \
 \\/  ___)| |_)| | | | | || (_| |  ) ) ) )
  '  |____| .__|_| |_|_| |_\__, | / / / /
 =========|_|==============|___/=/_/_/_/
 :: Spring Boot ::                (v3.2.2)

2025-10-06T04:48:41.987Z  INFO 20701 --- [           main] c.examly.springapp.SpringappApplication  : Starting SpringappApplication v1.0.0 using Java 17.0.15 with PID 20701 (/home/coder/project/workspace/springapp/target/cookie-store-1.0.0.jar started by coder in /home/coder/project/workspace/springapp)
2025-10-06T04:48:41.990Z  INFO 20701 --- [           main] c.examly.springapp.SpringappApplication  : No active profile set, falling back to 1 default profile: "default"
2025-10-06T04:48:43.162Z  INFO 20701 --- [           main] .s.d.r.c.RepositoryConfigurationDelegate : Bootstrapping Spring Data JPA repositories in DEFAULT mode.
2025-10-06T04:48:43.217Z  INFO 20701 --- [           main] .s.d.r.c.RepositoryConfigurationDelegate : Finished Spring Data repository scanning in 48 ms. Found 2 JPA repository interfaces.
2025-10-06T04:48:43.820Z  INFO 20701 --- [           main] o.s.b.w.embedded.tomcat.TomcatWebServer  : Tomcat initialized with port 8082 (http)
2025-10-06T04:48:43.831Z  INFO 20701 --- [           main] o.apache.catalina.core.StandardService   : Starting service [Tomcat]
2025-10-06T04:48:43.831Z  INFO 20701 --- [           main] o.apache.catalina.core.StandardEngine    : Starting Servlet engine: [Apache Tomcat/10.1.18]
2025-10-06T04:48:43.864Z  INFO 20701 --- [           main] o.a.c.c.C.[Tomcat].[localhost].[/]       : Initializing Spring embedded WebApplicationContext
2025-10-06T04:48:43.865Z  INFO 20701 --- [           main] w.s.c.ServletWebServerApplicationContext : Root WebApplicationContext: initialization completed in 1792 ms
2025-10-06T04:48:43.902Z  INFO 20701 --- [           main] com.zaxxer.hikari.HikariDataSource       : HikariPool-1 - Starting...
2025-10-06T04:48:44.161Z  INFO 20701 --- [           main] com.zaxxer.hikari.pool.HikariPool        : HikariPool-1 - Added connection conn0: url=jdbc:h2:mem:testdb user=SA
2025-10-06T04:48:44.162Z  INFO 20701 --- [           main] com.zaxxer.hikari.HikariDataSource       : HikariPool-1 - Start completed.
2025-10-06T04:48:44.173Z  INFO 20701 --- [           main] o.s.b.a.h2.H2ConsoleAutoConfiguration    : H2 console available at '/h2-console'. Database available at 'jdbc:h2:mem:testdb'
2025-10-06T04:48:44.301Z  INFO 20701 --- [           main] o.hibernate.jpa.internal.util.LogHelper  : HHH000204: Processing PersistenceUnitInfo [name: default]
2025-10-06T04:48:44.377Z  INFO 20701 --- [           main] org.hibernate.Version                    : HHH000412: Hibernate ORM core version 6.4.1.Final
2025-10-06T04:48:44.409Z  INFO 20701 --- [           main] o.h.c.internal.RegionFactoryInitiator    : HHH000026: Second-level cache disabled
2025-10-06T04:48:44.658Z  INFO 20701 --- [           main] o.s.o.j.p.SpringPersistenceUnitInfo      : No LoadTimeWeaver setup: ignoring JPA class transformer
2025-10-06T04:48:44.707Z  WARN 20701 --- [           main] org.hibernate.orm.deprecation            : HHH90000025: H2Dialect does not need to be specified explicitly using 'hibernate.dialect' (remove the property setting and it will be selected by default)
2025-10-06T04:48:45.498Z  INFO 20701 --- [           main] o.h.e.t.j.p.i.JtaPlatformInitiator       : HHH000489: No JTA platform available (set 'hibernate.transaction.jta.platform' to enable JTA platform integration)
Hibernate: drop table if exists cookie cascade 
Hibernate: drop table if exists users cascade 
Hibernate: create table cookie (price integer not null, quantity_available integer not null, id bigint generated by default as identity, cookie_name varchar(255), flavor varchar(255), primary key (id))
Hibernate: create table users (id bigint generated by default as identity, password varchar(255) not null, role varchar(255) check (role in ('ADMIN','USER')), username varchar(255) not null unique, primary key (id))
2025-10-06T04:48:45.540Z  INFO 20701 --- [           main] j.LocalContainerEntityManagerFactoryBean : Initialized JPA EntityManagerFactory for persistence unit 'default'
2025-10-06T04:48:46.051Z  WARN 20701 --- [           main] JpaBaseConfiguration$JpaWebConfiguration : spring.jpa.open-in-view is enabled by default. Therefore, database queries may be performed during view rendering. Explicitly configure spring.jpa.open-in-view to disable this warning
2025-10-06T04:48:46.424Z  INFO 20701 --- [           main] o.s.s.web.DefaultSecurityFilterChain     : Will secure any request with [org.springframework.security.web.session.DisableEncodeUrlFilter@53086bdc, org.springframework.security.web.context.request.async.WebAsyncManagerIntegrationFilter@254210b1, org.springframework.security.web.context.SecurityContextHolderFilter@4def900a, org.springframework.security.web.header.HeaderWriterFilter@e7ddf8d, org.springframework.web.filter.CorsFilter@600a1270, org.springframework.security.web.authentication.logout.LogoutFilter@18ed9480, org.springframework.security.oauth2.server.resource.web.authentication.BearerTokenAuthenticationFilter@75d61b62, org.springframework.security.web.savedrequest.RequestCacheAwareFilter@6c399d4, org.springframework.security.web.servletapi.SecurityContextHolderAwareRequestFilter@726dd367, org.springframework.security.web.authentication.AnonymousAuthenticationFilter@3829306d, org.springframework.security.web.session.SessionManagementFilter@3ba50851, org.springframework.security.web.access.ExceptionTranslationFilter@2821da0a, org.springframework.security.web.access.intercept.AuthorizationFilter@3a678e40]
2025-10-06T04:48:46.736Z  INFO 20701 --- [           main] o.s.b.w.embedded.tomcat.TomcatWebServer  : Tomcat started on port 8082 (http) with context path ''
2025-10-06T04:48:46.750Z  INFO 20701 --- [           main] c.examly.springapp.SpringappApplication  : Started SpringappApplication in 5.28 seconds (process running for 5.769)
Hibernate: select u1_0.id,u1_0.password,u1_0.role,u1_0.username from users u1_0 where u1_0.username=?
Hibernate: insert into users (password,role,username,id) values (?,?,?,default)
Hibernate: select u1_0.id,u1_0.password,u1_0.role,u1_0.username from users u1_0 where u1_0.username=?
Hibernate: insert into users (password,role,username,id) values (?,?,?,default)
2025-10-06T04:53:10.204Z  INFO 20701 --- [ionShutdownHook] j.LocalContainerEntityManagerFactoryBean : Closing JPA EntityManagerFactory for persistence unit 'default'
Hibernate: drop table if exists cookie cascade 
Hibernate: drop table if exists users cascade 
2025-10-06T04:53:10.213Z  INFO 20701 --- [ionShutdownHook] com.zaxxer.hikari.HikariDataSource       : HikariPool-1 - Shutdown initiated...
2025-10-06T04:53:10.217Z  INFO 20701 --- [ionShutdownHook] com.zaxxer.hikari.HikariDataSource       : HikariPool-1 - Shutdown completed.
